<?xml version="1.0" encoding="UTF-8"?>
<!-- Generated by org.testng.reporters.JUnitReportReporter -->
<testsuite skipped="0" hostname="HIBACL44126" name="Academy.HomePage" tests="2" failures="0" timestamp="29 Sep 2018 11:08:52 GMT" time="50.325" errors="0">
  <testcase name="basepagenavigation" time="26.450" classname="Academy.HomePage"/>
  <testcase name="basepagenavigation" time="23.875" classname="Academy.HomePage"/>
</testsuite> <!-- Academy.HomePage -->
