<?xml version="1.0" encoding="UTF-8"?>
<!-- Generated by org.testng.reporters.JUnitReportReporter -->
<testsuite skipped="0" hostname="HIBACL44126" name="Academy.AddNewPostsTest" tests="1" failures="0" timestamp="14 Oct 2018 10:59:26 GMT" time="27.714" errors="0">
  <testcase name="loginToWordPress" time="27.714" classname="Academy.AddNewPostsTest"/>
</testsuite> <!-- Academy.AddNewPostsTest -->
