<?xml version="1.0" encoding="UTF-8"?>
<!-- Generated by org.testng.reporters.JUnitReportReporter -->
<testsuite skipped="0" hostname="HIBACL44126" name="Academy.WordPressLoginPageTest" tests="1" failures="0" timestamp="13 Oct 2018 11:54:53 GMT" time="19.347" errors="0">
  <testcase name="loginToWordPress" time="19.347" classname="Academy.WordPressLoginPageTest"/>
</testsuite> <!-- Academy.WordPressLoginPageTest -->
