<?xml version="1.0" encoding="UTF-8"?>
<!-- Generated by org.testng.reporters.JUnitReportReporter -->
<testsuite skipped="0" hostname="HIBACL44126" name="Academy.TrycatchDemo" tests="3" failures="0" timestamp="23 Oct 2018 13:59:54 GMT" time="0.025" errors="0">
  <testcase name="alaunchingBrowser" time="0.016" classname="Academy.TrycatchDemo"/>
  <testcase name="closingBrowser" time="0.003" classname="Academy.TrycatchDemo"/>
  <testcase name="badding" time="0.006" classname="Academy.TrycatchDemo"/>
</testsuite> <!-- Academy.TrycatchDemo -->
