<?xml version="1.0" encoding="UTF-8"?>
<!-- Generated by org.testng.reporters.JUnitReportReporter -->
<testsuite skipped="0" hostname="HIBACL44126" name="Academy.HomePageTest" tests="2" failures="0" timestamp="30 Sep 2018 13:44:40 GMT" time="45.682" errors="0">
  <testcase name="basepagenavigation" time="22.835" classname="Academy.HomePageTest"/>
  <testcase name="basepagenavigation" time="22.847" classname="Academy.HomePageTest"/>
</testsuite> <!-- Academy.HomePageTest -->
