<?xml version="1.0" encoding="UTF-8"?>
<!-- Generated by org.testng.reporters.JUnitReportReporter -->
<testsuite skipped="0" hostname="HIBACL44126" name="Academy.TitleValidation" tests="1" failures="0" timestamp="29 Sep 2018 11:08:52 GMT" time="18.138" errors="0">
  <testcase name="titlevalidation" time="18.138" classname="Academy.TitleValidation"/>
</testsuite> <!-- Academy.TitleValidation -->
