<?xml version="1.0" encoding="UTF-8"?>
<!-- Generated by org.testng.reporters.JUnitReportReporter -->
<testsuite hostname="HIBACL44126" name="Academy.HomePageTest" tests="2" failures="0" timestamp="30 Sep 2018 13:07:59 GMT" time="53.831" errors="0">
  <testcase name="basepagenavigation" time="26.562" classname="Academy.HomePageTest"/>
  <testcase name="basepagenavigation" time="27.269" classname="Academy.HomePageTest"/>
</testsuite> <!-- Academy.HomePageTest -->
